[    0.000000] Linux version 4.15.0-193-generic (buildd@lcy02-amd64-022) (gcc version 7.5.0 (Ubuntu 7.5.0-3ubuntu1~18.04)) #204-Ubuntu SMP Fri Aug 26 19:20:21 UTC 2022 (Ubuntu 4.15.0-193.204-generic 4.15.18)
[    0.000000] Command line: BOOT_IMAGE=/boot/vmlinuz-4.15.0-193-generic root=LABEL=cloudimg-rootfs ro console=tty1 console=ttyS0
[    0.000000] KERNEL supported cpus:
[    0.000000]   Intel GenuineIntel
[    0.000000]   AMD AuthenticAMD
[    0.000000]   Centaur CentaurHauls
[    0.000000] x86/fpu: Supporting XSAVE feature 0x001: 'x87 floating point registers'
[    0.000000] x86/fpu: Supporting XSAVE feature 0x002: 'SSE registers'
[    0.000000] x86/fpu: Supporting XSAVE feature 0x004: 'AVX registers'
[    0.000000] x86/fpu: xstate_offset[2]:  576, xstate_sizes[2]:  256
[    0.000000] x86/fpu: Enabled xstate features 0x7, context size is 832 bytes, using 'standard' format.
[    0.000000] e820: BIOS-provided physical RAM map:
[    0.000000] BIOS-e820: [mem 0x0000000000000000-0x000000000009fbff] usable
[    0.000000] BIOS-e820: [mem 0x000000000009fc00-0x000000000009ffff] reserved
[    0.000000] BIOS-e820: [mem 0x00000000000f0000-0x00000000000fffff] reserved
[    0.000000] BIOS-e820: [mem 0x0000000000100000-0x000000001ffeffff] usable
[    0.000000] BIOS-e820: [mem 0x000000001fff0000-0x000000001fffffff] ACPI data
[    0.000000] BIOS-e820: [mem 0x00000000fec00000-0x00000000fec00fff] reserved
[    0.000000] BIOS-e820: [mem 0x00000000fee00000-0x00000000fee00fff] reserved
[    0.000000] BIOS-e820: [mem 0x00000000fffc0000-0x00000000ffffffff] reserved
[    0.000000] NX (Execute Disable) protection: active
[    0.000000] SMBIOS 2.5 present.
[    0.000000] DMI: innotek GmbH VirtualBox/VirtualBox, BIOS VirtualBox 12/01/2006
[    0.000000] Hypervisor detected: KVM
[    0.000000] e820: last_pfn = 0x1fff0 max_arch_pfn = 0x400000000
[    0.000000] MTRR: Disabled
[    0.000000] x86/PAT: MTRRs disabled, skipping PAT initialization too.
[    0.000000] CPU MTRRs all blank - virtualized system.
[    0.000000] x86/PAT: Configuration [0-7]: WB  WT  UC- UC  WB  WT  UC- UC  
[    0.000000] found SMP MP-table at [mem 0x0009fff0-0x0009ffff]
[    0.000000] Scanning 1 areas for low memory corruption
[    0.000000] RAMDISK: [mem 0x1db50000-0x1ee61fff]
[    0.000000] ACPI: Early table checksum verification disabled
[    0.000000] ACPI: RSDP 0x00000000000E0000 000024 (v02 VBOX  )
[    0.000000] ACPI: XSDT 0x000000001FFF0030 00003C (v01 VBOX   VBOXXSDT 00000001 ASL  00000061)
[    0.000000] ACPI: FACP 0x000000001FFF00F0 0000F4 (v04 VBOX   VBOXFACP 00000001 ASL  00000061)
[    0.000000] ACPI: DSDT 0x000000001FFF0470 002325 (v02 VBOX   VBOXBIOS 00000002 INTL 20100528)
[    0.000000] ACPI: FACS 0x000000001FFF0200 000040
[    0.000000] ACPI: FACS 0x000000001FFF0200 000040
[    0.000000] ACPI: APIC 0x000000001FFF0240 000054 (v02 VBOX   VBOXAPIC 00000001 ASL  00000061)
[    0.000000] ACPI: SSDT 0x000000001FFF02A0 0001CC (v01 VBOX   VBOXCPUT 00000002 INTL 20100528)
[    0.000000] ACPI: Reserving FACP table memory at [mem 0x1fff00f0-0x1fff01e3]
[    0.000000] ACPI: Reserving DSDT table memory at [mem 0x1fff0470-0x1fff2794]
[    0.000000] ACPI: Reserving FACS table memory at [mem 0x1fff0200-0x1fff023f]
[    0.000000] ACPI: Reserving FACS table memory at [mem 0x1fff0200-0x1fff023f]
[    0.000000] ACPI: Reserving APIC table memory at [mem 0x1fff0240-0x1fff0293]
[    0.000000] ACPI: Reserving SSDT table memory at [mem 0x1fff02a0-0x1fff046b]
[    0.000000] No NUMA configuration found
[    0.000000] Faking a node at [mem 0x0000000000000000-0x000000001ffeffff]
[    0.000000] NODE_DATA(0) allocated [mem 0x1ffc5000-0x1ffeffff]
[    0.000000] kvm-clock: cpu 0, msr 0:1ff44001, primary cpu clock
[    0.000000] kvm-clock: Using msrs 4b564d01 and 4b564d00
[    0.000000] kvm-clock: using sched offset of 5597648961 cycles
[    0.000000] clocksource: kvm-clock: mask: 0xffffffffffffffff max_cycles: 0x1cd42e4dffb, max_idle_ns: 881590591483 ns
[    0.000000] Zone ranges:
[    0.000000]   DMA      [mem 0x0000000000001000-0x0000000000ffffff]
[    0.000000]   DMA32    [mem 0x0000000001000000-0x000000001ffeffff]
[    0.000000]   Normal   empty
[    0.000000]   Device   empty
[    0.000000] Movable zone start for each node
[    0.000000] Early memory node ranges
[    0.000000]   node   0: [mem 0x0000000000001000-0x000000000009efff]
[    0.000000]   node   0: [mem 0x0000000000100000-0x000000001ffeffff]
[    0.000000] Reserved but unavailable: 104 pages
[    0.000000] Initmem setup node 0 [mem 0x0000000000001000-0x000000001ffeffff]
[    0.000000] ACPI: PM-Timer IO Port: 0x4008
[    0.000000] IOAPIC[0]: apic_id 1, version 32, address 0xfec00000, GSI 0-23
[    0.000000] ACPI: INT_SRC_OVR (bus 0 bus_irq 0 global_irq 2 dfl dfl)
[    0.000000] ACPI: INT_SRC_OVR (bus 0 bus_irq 9 global_irq 9 low level)
[    0.000000] Using ACPI (MADT) for SMP configuration information
[    0.000000] smpboot: Allowing 1 CPUs, 0 hotplug CPUs
[    0.000000] PM: Registered nosave memory: [mem 0x00000000-0x00000fff]
[    0.000000] PM: Registered nosave memory: [mem 0x0009f000-0x0009ffff]
[    0.000000] PM: Registered nosave memory: [mem 0x000a0000-0x000effff]
[    0.000000] PM: Registered nosave memory: [mem 0x000f0000-0x000fffff]
[    0.000000] e820: [mem 0x20000000-0xfebfffff] available for PCI devices
[    0.000000] Booting paravirtualized kernel on KVM
[    0.000000] clocksource: refined-jiffies: mask: 0xffffffff max_cycles: 0xffffffff, max_idle_ns: 7645519600211568 ns
[    0.000000] random: get_random_bytes called from start_kernel+0x99/0x500 with crng_init=0
[    0.000000] setup_percpu: NR_CPUS:8192 nr_cpumask_bits:1 nr_cpu_ids:1 nr_node_ids:1
[    0.000000] percpu: Embedded 50 pages/cpu s167936 r8192 d28672 u2097152
[    0.000000] PV qspinlock hash table entries: 256 (order: 0, 4096 bytes)
[    0.000000] Built 1 zonelists, mobility grouping on.  Total pages: 128889
[    0.000000] Policy zone: DMA32
[    0.000000] Kernel command line: BOOT_IMAGE=/boot/vmlinuz-4.15.0-193-generic root=LABEL=cloudimg-rootfs ro console=tty1 console=ttyS0
[    0.000000] Memory: 466752K/523832K available (12300K kernel code, 2484K rwdata, 4324K rodata, 2468K init, 2724K bss, 57080K reserved, 0K cma-reserved)
[    0.000000] SLUB: HWalign=64, Order=0-3, MinObjects=0, CPUs=1, Nodes=1
[    0.000000] ftrace: allocating 39483 entries in 155 pages
[    0.004000] Hierarchical RCU implementation.
[    0.004000] 	RCU restricting CPUs from NR_CPUS=8192 to nr_cpu_ids=1.
[    0.004000] 	Tasks RCU enabled.
[    0.004000] RCU: Adjusting geometry for rcu_fanout_leaf=16, nr_cpu_ids=1
[    0.004000] NR_IRQS: 524544, nr_irqs: 256, preallocated irqs: 16
[    0.004000] Console: colour VGA+ 80x25
[    0.004000] console [tty1] enabled
[    0.004000] console [ttyS0] enabled
[    0.004000] ACPI: Core revision 20170831
[    0.004000] ACPI: 2 ACPI AML tables successfully acquired and loaded
[    0.004000] APIC: Switch to symmetric I/O mode setup
[    0.004000] x2apic enabled
[    0.004000] Switched APIC routing to physical x2apic.
[    0.004000] ..TIMER: vector=0x30 apic1=0 pin1=2 apic2=-1 pin2=-1
[    0.004005] tsc: Detected 2111.996 MHz processor
[    0.004903] Calibrating delay loop (skipped) preset value.. 4223.99 BogoMIPS (lpj=8447984)
[    0.005643] pid_max: default: 32768 minimum: 301
[    0.008034] Security Framework initialized
[    0.008830] Yama: becoming mindful.
[    0.009551] AppArmor: AppArmor initialized
[    0.010472] Dentry cache hash table entries: 65536 (order: 7, 524288 bytes)
[    0.012033] Inode-cache hash table entries: 32768 (order: 6, 262144 bytes)
[    0.013341] Mount-cache hash table entries: 1024 (order: 1, 8192 bytes)
[    0.014601] Mountpoint-cache hash table entries: 1024 (order: 1, 8192 bytes)
[    0.016264] process: using mwait in idle threads
[    0.017179] Last level iTLB entries: 4KB 64, 2MB 8, 4MB 8
[    0.018339] Last level dTLB entries: 4KB 64, 2MB 0, 4MB 0, 1GB 4
[    0.019542] Spectre V1 : Mitigation: usercopy/swapgs barriers and __user pointer sanitization
[    0.020003] Spectre V2 : Mitigation: Retpolines
[    0.021213] Spectre V2 : Spectre v2 / SpectreRSB mitigation: Filling RSB on context switch
[    0.024003] Speculative Store Bypass: Vulnerable
[    0.024998] MMIO Stale Data: Vulnerable: Clear CPU buffers attempted, no microcode
[    0.026473] SRBDS: Unknown: Dependent on hypervisor status
[    0.046829] Freeing SMP alternatives memory: 36K
[    0.159250] smpboot: CPU0: Intel(R) Core(TM) i5-10210U CPU @ 1.60GHz (family: 0x6, model: 0x8e, stepping: 0xc)
[    0.160198] Performance Events: unsupported p6 CPU model 142 no PMU driver, software events only.
[    0.168065] Hierarchical SRCU implementation.
[    0.173632] NMI watchdog: Perf event create on CPU 0 failed with -2
[    0.176008] NMI watchdog: Perf NMI watchdog permanently disabled
[    0.180051] smp: Bringing up secondary CPUs ...
[    0.182015] smp: Brought up 1 node, 1 CPU
[    0.184003] smpboot: Max logical packages: 1
[    0.184994] smpboot: Total of 1 processors activated (4223.99 BogoMIPS)
[    0.186847] devtmpfs: initialized
[    0.188059] x86/mm: Memory block size: 128MB
[    0.189091] evm: security.selinux
[    0.189897] evm: security.SMACK64
[    0.190945] evm: security.SMACK64EXEC
[    0.192005] evm: security.SMACK64TRANSMUTE
[    0.192973] evm: security.SMACK64MMAP
[    0.193840] evm: security.apparmor
[    0.194584] evm: security.ima
[    0.196003] evm: security.capability
[    0.196967] clocksource: jiffies: mask: 0xffffffff max_cycles: 0xffffffff, max_idle_ns: 7645041785100000 ns
[    0.199090] futex hash table entries: 256 (order: 2, 16384 bytes)
[    0.200056] pinctrl core: initialized pinctrl subsystem
[    0.201350] RTC time: 14:37:05, date: 10/14/22
[    0.202939] NET: Registered protocol family 16
[    0.204071] audit: initializing netlink subsys (disabled)
[    0.205328] cpuidle: using governor ladder
[    0.206214] cpuidle: using governor menu
[    0.207455] ACPI: bus type PCI registered
[    0.208004] acpiphp: ACPI Hot Plug PCI Controller Driver version: 0.5
[    0.209435] PCI: Using configuration type 1 for base access
[    0.210738] audit: type=2000 audit(1665758231.592:1): state=initialized audit_enabled=0 res=1
[    0.216081] HugeTLB registered 2.00 MiB page size, pre-allocated 0 pages
[    0.217995] ACPI: Added _OSI(Module Device)
[    0.219156] ACPI: Added _OSI(Processor Device)
[    0.220011] ACPI: Added _OSI(3.0 _SCP Extensions)
[    0.221035] ACPI: Added _OSI(Processor Aggregator Device)
[    0.222198] ACPI: Added _OSI(Linux-Dell-Video)
[    0.223145] ACPI: Added _OSI(Linux-Lenovo-NV-HDMI-Audio)
[    0.224023] ACPI: Added _OSI(Linux-HPI-Hybrid-Graphics)
[    0.225415] ACPI: Executed 1 blocks of module-level executable AML code
[    0.231791] ACPI: Interpreter enabled
[    0.232014] ACPI: (supports S0 S5)
[    0.232778] ACPI: Using IOAPIC for interrupt routing
[    0.234256] PCI: Using host bridge windows from ACPI; if necessary, use "pci=nocrs" and report a bug
[    0.236231] ACPI: Enabled 2 GPEs in block 00 to 07
[    0.249647] ACPI: PCI Root Bridge [PCI0] (domain 0000 [bus 00-ff])
[    0.250942] acpi PNP0A03:00: _OSC: OS supports [ASPM ClockPM Segments MSI]
[    0.252549] acpi PNP0A03:00: _OSC: not requesting OS control; OS requires [ExtendedConfig ASPM ClockPM MSI]
[    0.254430] acpi PNP0A03:00: fail to add MMCONFIG information, can't access extended PCI configuration space under this bridge.
[    0.256457] PCI host bridge to bus 0000:00
[    0.257328] pci_bus 0000:00: root bus resource [io  0x0000-0x0cf7 window]
[    0.258666] pci_bus 0000:00: root bus resource [io  0x0d00-0xffff window]
[    0.260004] pci_bus 0000:00: root bus resource [mem 0x000a0000-0x000bffff window]
[    0.261979] pci_bus 0000:00: root bus resource [mem 0x20000000-0xfdffffff window]
[    0.264005] pci_bus 0000:00: root bus resource [bus 00-ff]
[    0.270714] pci 0000:00:01.1: legacy IDE quirk: reg 0x10: [io  0x01f0-0x01f7]
[    0.272013] pci 0000:00:01.1: legacy IDE quirk: reg 0x14: [io  0x03f6]
[    0.274865] pci 0000:00:01.1: legacy IDE quirk: reg 0x18: [io  0x0170-0x0177]
[    0.276013] pci 0000:00:01.1: legacy IDE quirk: reg 0x1c: [io  0x0376]
[    0.296144] pci 0000:00:07.0: quirk: [io  0x4000-0x403f] claimed by PIIX4 ACPI
[    0.298166] pci 0000:00:07.0: quirk: [io  0x4100-0x410f] claimed by PIIX4 SMB
[    0.308280] ACPI: PCI Interrupt Link [LNKA] (IRQs 5 9 10 *11)
[    0.310346] ACPI: PCI Interrupt Link [LNKB] (IRQs 5 9 *10 11)
[    0.312221] ACPI: PCI Interrupt Link [LNKC] (IRQs 5 *9 10 11)
[    0.314423] ACPI: PCI Interrupt Link [LNKD] (IRQs 5 9 10 *11)
[    0.316546] SCSI subsystem initialized
[    0.318001] pci 0000:00:02.0: vgaarb: setting as boot VGA device
[    0.319848] pci 0000:00:02.0: vgaarb: VGA device added: decodes=io+mem,owns=io+mem,locks=none
[    0.320012] pci 0000:00:02.0: vgaarb: bridge control possible
[    0.321452] vgaarb: loaded
[    0.324085] ACPI: bus type USB registered
[    0.325433] usbcore: registered new interface driver usbfs
[    0.327015] usbcore: registered new interface driver hub
[    0.328023] usbcore: registered new device driver usb
[    0.329715] EDAC MC: Ver: 3.0.0
[    0.332350] PCI: Using ACPI for IRQ routing
[    0.334251] NetLabel: Initializing
[    0.335410] NetLabel:  domain hash size = 128
[    0.336012] NetLabel:  protocols = UNLABELED CIPSOv4 CALIPSO
[    0.337909] NetLabel:  unlabeled traffic allowed by default
[    0.340254] clocksource: Switched to clocksource kvm-clock
[    0.377452] VFS: Disk quotas dquot_6.6.0
[    0.379385] VFS: Dquot-cache hash table entries: 512 (order 0, 4096 bytes)
[    0.381667] AppArmor: AppArmor Filesystem Enabled
[    0.385781] pnp: PnP ACPI init
[    0.390204] pnp: PnP ACPI: found 3 devices
[    0.399937] clocksource: acpi_pm: mask: 0xffffff max_cycles: 0xffffff, max_idle_ns: 2085701024 ns
[    0.406180] NET: Registered protocol family 2
[    0.408209] IP idents hash table entries: 8192 (order: 4, 65536 bytes)
[    0.410952] TCP established hash table entries: 4096 (order: 3, 32768 bytes)
[    0.413615] TCP bind hash table entries: 4096 (order: 4, 65536 bytes)
[    0.415794] TCP: Hash tables configured (established 4096 bind 4096)
[    0.418108] UDP hash table entries: 256 (order: 1, 8192 bytes)
[    0.420033] UDP-Lite hash table entries: 256 (order: 1, 8192 bytes)
[    0.422038] NET: Registered protocol family 1
[    0.423462] pci 0000:00:00.0: Limiting direct PCI/PCI transfers
[    0.425391] pci 0000:00:01.0: Activating ISA DMA hang workarounds
[    0.427246] pci 0000:00:02.0: Video device with shadowed ROM at [mem 0x000c0000-0x000dffff]
[    0.434705] Unpacking initramfs...
[    1.600601] Freeing initrd memory: 19528K
[    1.602089] clocksource: tsc: mask: 0xffffffffffffffff max_cycles: 0x1e717485a72, max_idle_ns: 440795205496 ns
[    1.605195] platform rtc_cmos: registered platform RTC device (no PNP device found)
[    1.607153] Scanning for low memory corruption every 60 seconds
[    1.609276] Initialise system trusted keyrings
[    1.610433] Key type blacklist registered
[    1.611928] workingset: timestamp_bits=36 max_order=17 bucket_order=0
[    1.615743] zbud: loaded
[    1.617332] squashfs: version 4.0 (2009/01/31) Phillip Lougher
[    1.619015] fuse init (API version 7.26)
[    1.620915] Key type asymmetric registered
[    1.621899] Asymmetric key parser 'x509' registered
[    1.623157] Block layer SCSI generic (bsg) driver version 0.4 loaded (major 246)
[    1.624998] io scheduler noop registered
[    1.625965] io scheduler deadline registered
[    1.627014] io scheduler cfq registered (default)
[    1.628433] ACPI: AC Adapter [AC] (off-line)
[    1.629500] input: Power Button as /devices/LNXSYSTM:00/LNXPWRBN:00/input/input0
[    1.631234] ACPI: Power Button [PWRF]
[    1.632296] input: Sleep Button as /devices/LNXSYSTM:00/LNXSLPBN:00/input/input1
[    1.634197] ACPI: Sleep Button [SLPF]
[    1.636925] ACPI: Battery Slot [BAT0] (battery present)
[    1.638278] Serial: 8250/16550 driver, 32 ports, IRQ sharing enabled
[    1.661081] 00:02: ttyS0 at I/O 0x3f8 (irq = 4, base_baud = 115200) is a 16550A
[    1.667622] Linux agpgart interface v0.103
[    1.672049] loop: module loaded
[    1.674922] scsi host0: ata_piix
[    1.677117] scsi host1: ata_piix
[    1.679092] ata1: PATA max UDMA/33 cmd 0x1f0 ctl 0x3f6 bmdma 0xd000 irq 14
[    1.682759] ata2: PATA max UDMA/33 cmd 0x170 ctl 0x376 bmdma 0xd008 irq 15
[    1.687447] tun: Universal TUN/TAP device driver, 1.6
[    1.688667] PPP generic driver version 2.4.2
[    1.689757] ehci_hcd: USB 2.0 'Enhanced' Host Controller (EHCI) Driver
[    1.691415] ehci-pci: EHCI PCI platform driver
[    1.692487] ehci-platform: EHCI generic platform driver
[    1.693713] ohci_hcd: USB 1.1 'Open' Host Controller (OHCI) Driver
[    1.695173] ohci-pci: OHCI PCI platform driver
[    1.696226] ohci-platform: OHCI generic platform driver
[    1.697398] uhci_hcd: USB Universal Host Controller Interface driver
[    1.698928] i8042: PNP: PS/2 Controller [PNP0303:PS2K,PNP0f03:PS2M] at 0x60,0x64 irq 1,12
[    1.701689] serio: i8042 KBD port at 0x60,0x64 irq 1
[    1.703379] serio: i8042 AUX port at 0x60,0x64 irq 12
[    1.704665] mousedev: PS/2 mouse device common for all mice
[    1.706193] input: AT Translated Set 2 keyboard as /devices/platform/i8042/serio0/input/input2
[    1.708566] rtc_cmos rtc_cmos: rtc core: registered rtc_cmos as rtc0
[    1.710108] rtc_cmos rtc_cmos: alarms up to one day, 114 bytes nvram
[    1.711477] i2c /dev entries driver
[    1.712381] device-mapper: uevent: version 1.0.3
[    1.713429] device-mapper: ioctl: 4.37.0-ioctl (2017-09-20) initialised: dm-devel@redhat.com
[    1.715524] ledtrig-cpu: registered to indicate activity on CPUs
[    1.717293] intel_pmc_core:  initialized
[    1.718399] NET: Registered protocol family 10
[    1.723007] Segment Routing with IPv6
[    1.723937] NET: Registered protocol family 17
[    1.725018] Key type dns_resolver registered
[    1.726066] mce: Using 0 MCE banks
[    1.726879] RAS: Correctable Errors collector initialized.
[    1.728115] sched_clock: Marking stable (1724965460, 0)->(1965199133, -240233673)
[    1.729977] registered taskstats version 1
[    1.731024] Loading compiled-in X.509 certificates
[    1.734141] Loaded X.509 cert 'Build time autogenerated kernel key: b9e621348ccbcfe28d0c51e4c3b595dc856bdd44'
[    1.738423] Loaded X.509 cert 'Canonical Ltd. Live Patch Signing: 14df34d1a87cf37625abec039ef2bf521249b969'
[    1.741219] Loaded X.509 cert 'Canonical Ltd. Kernel Module Signing: 88f752e560a1e0737e31163a466ad7b70a850c19'
[    1.748062] blacklist: Loading compiled-in revocation X.509 certificates
[    1.750475] Loaded X.509 cert 'Canonical Ltd. Secure Boot Signing: 61482aa2830d0ab2ad5af10b7250da9033ddcef0'
[    1.754290] zswap: loaded using pool lzo/zbud
[    1.758595] Key type big_key registered
[    1.759527] Key type trusted registered
[    1.762300] Key type encrypted registered
[    1.763253] AppArmor: AppArmor sha1 policy hashing enabled
[    1.766109] ima: No TPM chip found, activating TPM-bypass! (rc=-19)
[    1.768541] ima: Allocated hash algorithm: sha1
[    1.770003] evm: HMAC attrs: 0x1
[    1.771479]   Magic number: 10:143:637
[    1.772561] rtc_cmos rtc_cmos: setting system clock to 2022-10-14 14:37:06 UTC (1665758226)
[    1.774842] BIOS EDD facility v0.16 2004-Jun-25, 0 devices found
[    1.776238] EDD information not available.
[    1.887436] Freeing unused kernel image memory: 2468K
[    1.896803] Write protecting the kernel read-only data: 20480k
[    1.905180] Freeing unused kernel image memory: 2008K
[    1.910314] Freeing unused kernel image memory: 1820K
[    1.951760] x86/mm: Checked W+X mappings: passed, no W+X pages found.
Loading, please wait...
starting version 237
[    2.307699] Fusion MPT base driver 3.04.20
[    2.309194] Copyright (c) 1999-2008 LSI Corporation
[    2.316836] e1000: Intel(R) PRO/1000 Network Driver - version 7.3.21-k8-NAPI
[    2.319631] e1000: Copyright (c) 1999-2006 Intel Corporation.
[    2.358199] Fusion MPT SPI Host driver 3.04.20
[    2.386091] AVX2 version of gcm_enc/dec engaged.
[    2.387985] AES CTR mode by8 optimization enabled
[    2.392127] mptbase: ioc0: Initiating bringup
[    2.488275] ioc0: LSI53C1030 A0: Capabilities={Initiator}
[    2.530538] input: ImExPS/2 Generic Explorer Mouse as /devices/platform/i8042/serio1/input/input4
[    2.731766] scsi host2: ioc0: LSI53C1030 A0, FwRev=00000000h, Ports=1, MaxQ=256, IRQ=20
[    2.905333] scsi 2:0:0:0: Direct-Access     VBOX     HARDDISK         1.0  PQ: 0 ANSI: 5
[    2.919755] scsi target2:0:0: Beginning Domain Validation
[    2.931500] scsi target2:0:0: Domain Validation skipping write tests
[    2.937624] scsi target2:0:0: Ending Domain Validation
[    2.943078] random: fast init done
[    2.946680] scsi target2:0:0: asynchronous
[    2.953633] scsi 2:0:1:0: Direct-Access     VBOX     HARDDISK         1.0  PQ: 0 ANSI: 5
[    2.969331] scsi target2:0:1: Beginning Domain Validation
[    3.052953] scsi target2:0:1: Domain Validation skipping write tests
[    3.059039] scsi target2:0:1: Ending Domain Validation
[    3.085837] scsi target2:0:1: asynchronous
[    3.204251] sd 2:0:0:0: Attached scsi generic sg0 type 0
[    3.207108] random: systemd-udevd: uninitialized urandom read (16 bytes read)
[    3.211092] sd 2:0:0:0: [sda] 83886080 512-byte logical blocks: (42.9 GB/40.0 GiB)
[    3.215333] sd 2:0:1:0: Attached scsi generic sg1 type 0
[    3.216922] sd 2:0:0:0: [sda] Write Protect is off
[    3.219316] sd 2:0:1:0: [sdb] 20480 512-byte logical blocks: (10.5 MB/10.0 MiB)
[    3.221279] sd 2:0:1:0: [sdb] Write Protect is off
[    3.222509] sd 2:0:0:0: [sda] Incomplete mode parameter data
[    3.223943] sd 2:0:0:0: [sda] Assuming drive cache: write through
[    3.225347] sd 2:0:1:0: [sdb] Incomplete mode parameter data
[    3.226627] sd 2:0:1:0: [sdb] Assuming drive cache: write through
[    3.233128] random: systemd-udevd: uninitialized urandom read (16 bytes read)
[    3.235594] random: systemd-udevd: uninitialized urandom read (16 bytes read)
[    3.243658]  sda: sda1
[    3.245283] sd 2:0:0:0: [sda] Attached SCSI disk
[    3.247438] sd 2:0:1:0: [sdb] Attached SCSI disk
[    3.611906] e1000 0000:00:03.0 eth0: (PCI:33MHz:32-bit) 02:82:9c:d7:3d:6a
[    3.615323] e1000 0000:00:03.0 eth0: Intel(R) PRO/1000 Network Connection
[    3.621769] e1000 0000:00:03.0 enp0s3: renamed from eth0
Begin: Loading essential drivers ... [    5.408021] raid6: sse2x1   gen()  6643 MB/s
[    5.456076] raid6: sse2x1   xor()  2648 MB/s
[    5.504063] raid6: sse2x2   gen()  4629 MB/s
[    5.552083] raid6: sse2x2   xor()  3187 MB/s
[    5.600247] raid6: sse2x4   gen()  5629 MB/s
[    5.648068] raid6: sse2x4   xor()  3126 MB/s
[    5.696081] raid6: avx2x1   gen() 11076 MB/s
[    5.744799] raid6: avx2x1   xor()  3990 MB/s
[    5.796922] raid6: avx2x2   gen() 12384 MB/s
[    5.844284] raid6: avx2x2   xor()  7525 MB/s
[    5.892070] raid6: avx2x4   gen() 17336 MB/s
[    5.940138] raid6: avx2x4   xor()  8195 MB/s
[    5.942290] raid6: using algorithm avx2x4 gen() 17336 MB/s
[    5.944103] raid6: .... xor() 8195 MB/s, rmw enabled
[    5.945974] raid6: using avx2x2 recovery algorithm
[    5.951014] xor: automatically using best checksumming function   avx       
[    5.956778] async_tx: api initialized (async)
done.
Begin: Running /scripts/init-premount ... done.
Begin: Mounting root file system ... Begin: Running /scripts/local-top ... done.
Begin: Running /scripts/local-premount ... [    6.054426] Btrfs loaded, crc32c=crc32c-intel
Scanning for Btrfs filesystems
done.
Warning: fsck not present, so skipping root file system
[    6.107455] EXT4-fs (sda1): mounted filesystem with ordered data mode. Opts: (null)
done.
Begin: Running /scripts/local-bottom ... done.
Begin: Running /scripts/init-bottom ... done.
[    6.367858] ip_tables: (C) 2000-2006 Netfilter Core Team
[    6.379760] systemd[1]: systemd 237 running in system mode. (+PAM +AUDIT +SELINUX +IMA +APPARMOR +SMACK +SYSVINIT +UTMP +LIBCRYPTSETUP +GCRYPT +GNUTLS +ACL +XZ +LZ4 +SECCOMP +BLKID +ELFUTILS +KMOD -IDN2 +IDN -PCRE2 default-hierarchy=hybrid)
[    6.390159] systemd[1]: Detected virtualization oracle.
[    6.391937] systemd[1]: Detected architecture x86-64.

Welcome to [1mUbuntu 18.04.6 LTS[0m!

[    6.409118] systemd[1]: Set hostname to <ubuntu-bionic>.
[    6.828958] systemd[1]: Created slice User and Session Slice.
[[0;32m  OK  [0m] Created slice User and Session Slice.
[    6.833026] systemd[1]: Reached target User and Group Name Lookups.
[[0;32m  OK  [0m] Reached target User and Group Name Lookups.
[    6.837572] systemd[1]: Reached target System Time Synchronized.
[[0;32m  OK  [0m] Reached target System Time Synchronized.
[    6.841471] systemd[1]: Started Forward Password Requests to Wall Directory Watch.
[[0;32m  OK  [0m] Started Forward Password Requests to Wall Directory Watch.
[    6.845814] systemd[1]: Reached target Swap.
[[0;32m  OK  [0m] Reached target Swap.
[    6.849559] systemd[1]: Set up automount Arbitrary Executable File Formats File System Automount Point.
[[0;32m  OK  [0m] Set up automount Arbitrary Executab…rmats File System Automount Point.
[[0;32m  OK  [0m] Created slice System Slice.
[[0;32m  OK  [0m] Created slice system-serial\x2dgetty.slice.
[[0;32m  OK  [0m] Listening on Journal Socket (/dev/log).
[[0;32m  OK  [0m] Listening on LVM2 metadata daemon socket.
[[0;32m  OK  [0m] Listening on Journal Socket.
         Mounting Kernel Debug File System...
         Starting Set the console keyboard layout...
         Mounting POSIX Message Queue File System...
[[0;32m  OK  [0m] Listening on Journal Audit Socket.
[[0;32m  OK  [0m] Listening on Device-mapper event daemon FIFOs.
[[0;32m  OK  [0m] Listening on /dev/initctl Compatibility Named Pipe.
[[0;32m  OK  [0m] Listening on udev Control Socket.
         Mounting Huge Pages File System...
[[0;32m  OK  [0m] Listening on udev Kernel Socket.
         Starting Load Kernel Modules...
[[0;32m  OK  [0m] Listening on Syslog Socket.
         Starting Journal Service...
         Starting Uncomplicated firewall...
         Starting Create list of required st…ce nodes for the current kernel...
[[0;32m  OK  [0m] Listening on fsck to fsckd communication Socket.
         Starting udev Coldplug all Devices...
         Starting File System Check on Root Device...
[[0;32m  OK  [0m] Listening on Network Service Netlink Socket.
[[0;32m  OK  [0m] Reached target Slices.
         Starting Monitoring of LVM2 mirrors…ng dmeventd or progress polling...
[[0;32m  OK  [0m] Listening on LVM2 poll daemon socket.
[[0;32m  OK  [0m] Mounted Kernel Debug File System.
[[0;32m  OK  [0m] Mounted POSIX Message Queue File System.
[[0;32m  OK  [0m] Mounted Huge Pages File System.
[[0;32m  OK  [0m] Started Uncomplicated firewall.
[[0;32m  OK  [0m] Started Create list of required sta…vice nodes for the current kernel.
         Starting Create Static Device Nodes in /dev...
[[0;32m  OK  [0m] Started File System Check Daemon to report status.
[    7.048520] Loading iSCSI transport class v2.0-870.
[[0;32m  OK  [0m] Started Create Static Device Nodes in /dev.
[[0;32m  OK  [0m] Started LVM2 metadata daemon.
[    7.202601] iscsi: registered transport (tcp)
[[0;32m  OK  [0m] Started File System Check on Root Device.
         Starting Remount Root and Kernel File Systems...
[    7.256426] EXT4-fs (sda1): re-mounted. Opts: (null)
[[0;32m  OK  [0m] Started Remount Root and Kernel File Systems.
         Starting Load/Save Random Seed...
         Starting udev Kernel Device Manager...
[[0;32m  OK  [0m] Started Monitoring of LVM2 mirrors,…sing dmeventd or progress polling.
[[0;32m  OK  [0m] Started Load/Save Random Seed.
[[0;32m  OK  [0m] Started Journal Service.
         Starting Flush Journal to Persistent Storage...
[    7.444891] systemd-journald[398]: Received request to flush runtime journal from PID 1
[[0;32m  OK  [0m] Started udev Coldplug all Devices.
[[0;32m  OK  [0m] Started udev Kernel Device Manager.
[    7.503524] random: crng init done
[    7.505119] random: 7 urandom warning(s) missed due to ratelimiting
[    7.527342] iscsi: registered transport (iser)
[[0;32m  OK  [0m] Started Load Kernel Modules.
         Mounting FUSE Control File System...
         Starting Apply Kernel Variables...
         Mounting Kernel Configuration File System...
[[0;32m  OK  [0m] Mounted Kernel Configuration File System.
[[0;32m  OK  [0m] Mounted FUSE Control File System.
[[0;32m  OK  [0m] Started Flush Journal to Persistent Storage.
[[0;32m  OK  [0m] Started Apply Kernel Variables.
[[0;32m  OK  [0m] Started Set the console keyboard layout.
[[0;32m  OK  [0m] Started Dispatch Password Requests to Console Directory Watch.
[[0;32m  OK  [0m] Reached target Local Encrypted Volumes.
[[0;32m  OK  [0m] Reached target Local File Systems (Pre).
[[0;32m  OK  [0m] Reached target Local File Systems.
         Starting AppArmor initialization...
         Starting Set console font and keymap...
         Starting Tell Plymouth To Write Out Runtime Data...
         Starting ebtables ruleset management...
         Starting Create Volatile Files and Directories...
[[0;32m  OK  [0m] Started Tell Plymouth To Write Out Runtime Data.
[[0;32m  OK  [0m] Started Set console font and keymap.
[[0;32m  OK  [0m] Started Create Volatile Files and Directories.
         Starting Update UTMP about System Boot/Shutdown...
[[0;32m  OK  [0m] Started Update UTMP about System Boot/Shutdown.
[[0;32m  OK  [0m] Started ebtables ruleset management.
[[0;32m  OK  [0m] Started AppArmor initialization.
         Starting Load AppArmor profiles managed internally by snapd...
         Starting Initial cloud-init job (pre-networking)...
[[0;32m  OK  [0m] Started Load AppArmor profiles managed internally by snapd.
[[0;32m  OK  [0m] Found device /dev/ttyS0.
[[0;32m  OK  [0m] Listening on Load/Save RF Kill Switch Status /dev/rfkill Watch.
[   12.757608] cloud-init[510]: Cloud-init v. 22.2-0ubuntu1~18.04.3 running 'init-local' at Fri, 14 Oct 2022 14:37:17 +0000. Up 12.36 seconds.
[[0;32m  OK  [0m] Started Initial cloud-init job (pre-networking).
[[0;32m  OK  [0m] Reached target Network (Pre).
         Starting Network Service...
[[0;32m  OK  [0m] Started Network Service.
         Starting Network Name Resolution...
         Starting Wait for Network to be Configured...
[[0;32m  OK  [0m] Started Network Name Resolution.
[[0;32m  OK  [0m] Reached target Network.
[[0;32m  OK  [0m] Reached target Host and Network Name Lookups.
[[0;32m  OK  [0m] Started Wait for Network to be Configured.
         Starting Initial cloud-init job (metadata service crawler)...
[   15.954025] cloud-init[633]: Cloud-init v. 22.2-0ubuntu1~18.04.3 running 'init' at Fri, 14 Oct 2022 14:37:20 +0000. Up 15.43 seconds.
[   15.962979] cloud-init[633]: ci-info: ++++++++++++++++++++++++++++++++++++++Net device info++++++++++++++++++++++++++++++++++++++
[   15.976475] cloud-init[633]: ci-info: +--------+------+----------------------------+---------------+--------+-------------------+
[   15.988380] cloud-init[633]: ci-info: | Device |  Up  |          Address           |      Mask     | Scope  |     Hw-Address    |
[   16.000427] cloud-init[633]: ci-info: +--------+------+----------------------------+---------------+--------+-------------------+
[   16.012318] cloud-init[633]: ci-info: | enp0s3 | True |         10.0.2.15          | 255.255.255.0 | global | 02:82:9c:d7:3d:6a |
[   16.018266] cloud-init[633]: ci-info: | enp0s3 | True | fe80::82:9cff:fed7:3d6a/64 |       .       |  link  | 02:82:9c:d7:3d:6a |
[   16.032363] cloud-init[633]: ci-info: |   lo   | True |         127.0.0.1          |   255.0.0.0   |  host  |         .         |
[   16.040266] cloud-init[633]: ci-info: |   lo   | True |          ::1/128           |       .       |  host  |         .         |
[   16.052297] cloud-init[633]: ci-info: +--------+------+----------------------------+---------------+--------+-------------------+
[   16.056352] cloud-init[633]: ci-info: ++++++++++++++++++++++++++++Route IPv4 info+++++++++++++++++++++++++++++
[   16.058699] cloud-init[633]: ci-info: +-------+-------------+----------+-----------------+-----------+-------+
[   16.065534] cloud-init[633]: ci-info: | Route | Destination | Gateway  |     Genmask     | Interface | Flags |
[   16.067150] cloud-init[633]: ci-info: +-------+-------------+----------+-----------------+-----------+-------+
[   16.080213] cloud-init[633]: ci-info: |   0   |   0.0.0.0   | 10.0.2.2 |     0.0.0.0     |   enp0s3  |   UG  |
[   16.082488] cloud-init[633]: ci-info: |   1   |   10.0.2.0  | 0.0.0.0  |  255.255.255.0  |   enp0s3  |   U   |
[   16.091800] cloud-init[633]: ci-info: |   2   |   10.0.2.2  | 0.0.0.0  | 255.255.255.255 |   enp0s3  |   UH  |
[   16.099747] cloud-init[633]: ci-info: +-------+-------------+----------+-----------------+-----------+-------+
[   16.112210] cloud-init[633]: ci-info: +++++++++++++++++++Route IPv6 info+++++++++++++++++++
[   16.124225] cloud-init[633]: ci-info: +-------+-------------+---------+-----------+-------+
[   16.126537] cloud-init[633]: ci-info: | Route | Destination | Gateway | Interface | Flags |
[   16.128269] cloud-init[633]: ci-info: +-------+-------------+---------+-----------+-------+
[   16.132544] cloud-init[633]: ci-info: |   1   |  fe80::/64  |    ::   |   enp0s3  |   U   |
[   16.140155] cloud-init[633]: ci-info: |   3   |    local    |    ::   |   enp0s3  |   U   |
[   16.142198] cloud-init[633]: ci-info: |   4   |   ff00::/8  |    ::   |   enp0s3  |   U   |
[   16.143725] cloud-init[633]: ci-info: +-------+-------------+---------+-----------+-------+
[[0;32m  OK  [0m] Started Initial cloud-init job (metadata service crawler).
[[0;32m  OK  [0m] Reached target Cloud-config availability.
[[0;32m  OK  [0m] Reached target System Initialization.
[[0;32m  OK  [0m] Started Discard unused blocks once a week.
[[0;32m  OK  [0m] Listening on UUID daemon activation socket.
         Starting LXD - unix socket.
[[0;32m  OK  [0m] Started Daily apt download activities.
[[0;32m  OK  [0m] Started Daily apt upgrade and clean activities.
[[0;32m  OK  [0m] Listening on cloud-init hotplug hook socket.
[[0;32m  OK  [0m] Started ACPI Events Check.
[[0;32m  OK  [0m] Listening on ACPID Listen Socket.
[[0;32m  OK  [0m] Listening on D-Bus System Message Bus Socket.
         Starting Docker Socket for the API.
[[0;32m  OK  [0m] Listening on Open-iSCSI iscsid Socket.
[[0;32m  OK  [0m] Started Ubuntu Advantage Timer for running repeated jobs.
[[0;32m  OK  [0m] Started Message of the Day.
[[0;32m  OK  [0m] Reached target Paths.
         Starting Socket activation for snappy daemon.
[[0;32m  OK  [0m] Started Daily Cleanup of Temporary Directories.
[[0;32m  OK  [0m] Reached target Timers.
[[0;32m  OK  [0m] Reached target Network is Online.
[[0;32m  OK  [0m] Reached target Remote File Systems (Pre).
         Mounting /vagrant...
         Starting Availability of block devices...
[[0;32m  OK  [0m] Listening on LXD - unix socket.
[[0;32m  OK  [0m] Listening on Docker Socket for the API.
[[0;32m  OK  [0m] Listening on Socket activation for snappy daemon.
[[0;32m  OK  [0m] Reached target Sockets.
[[0;32m  OK  [0m] Reached target Basic System.
         Starting Dispatcher daemon for systemd-networkd...
         Starting OpenBSD Secure Shell server...
         Starting Accounts Service...
         Starting Login Service...
         Starting Ubuntu FAN network setup...
[[0;32m  OK  [0m] Started D-Bus System Message Bus.
[[0;32m  OK  [0m] Started irqbalance daemon.
         Starting System Logging Service...
         Starting LSB: Record successful boot for GRUB...
[[0;32m  OK  [0m] Started FUSE filesystem for LXC.
         Starting containerd container runtime...
[[0;32m  OK  [0m] Started Regular background program processing daemon.
[[0;32m  OK  [0m] Started Deferred execution scheduler.
         Starting Virtualbox guest utils...
         Starting Snap Daemon...
         Starting LXD - container startup/shutdown...
[[0;32m  OK  [0m] Mounted /vagrant.
[[0;32m  OK  [0m] Started Availability of block devices.
[[0;32m  OK  [0m] Started Login Service.
[[0;32m  OK  [0m] Started Unattended Upgrades Shutdown.
[[0;32m  OK  [0m] Reached target Remote File Systems.
         Starting Permit User Sessions...
         Starting LSB: automatic crash report generation...
         Starting Authorization Manager...
[[0;32m  OK  [0m] Started Permit User Sessions.
         Starting Hold until boot process finishes up...
         Starting Terminate Plymouth Boot Screen...
[[0;32m  OK  [0m] Started Hold until boot process finishes up.
         Starting Set console scheme...
[[0;32m  OK  [0m] Started Serial Getty on ttyS0.
[[0;32m  OK  [0m] Started Terminate Plymouth Boot Screen.
[[0;32m  OK  [0m] Started OpenBSD Secure Shell server.
[[0;32m  OK  [0m] Started Set console scheme.
[[0;32m  OK  [0m] Created slice system-getty.slice.
[[0;32m  OK  [0m] Started Getty on tty1.
[[0;32m  OK  [0m] Reached target Login Prompts.
[[0;32m  OK  [0m] Started Authorization Manager.
[[0;32m  OK  [0m] Started Accounts Service.
[[0;32m  OK  [0m] Started System Logging Service.
[[0;32m  OK  [0m] Started LSB: automatic crash report generation.
[[0;32m  OK  [0m] Started LSB: Record successful boot for GRUB.
[[0;32m  OK  [0m] Created slice User Slice of vagrant.
         Starting User Manager for UID 1000...
[[0;32m  OK  [0m] Started Session 1 of user vagrant.
[[0;32m  OK  [0m] Started Virtualbox guest utils.
[[0;32m  OK  [0m] Started LXD - container startup/shutdown.
[[0;32m  OK  [0m] Started User Manager for UID 1000.
[[0;32m  OK  [0m] Started Ubuntu FAN network setup.
[[0;32m  OK  [0m] Started Dispatcher daemon for systemd-networkd.
[[0;32m  OK  [0m] Started Snap Daemon.
         Starting Wait until snapd is fully seeded...
         Starting Time & Date Service...
[[0;32m  OK  [0m] Started Time & Date Service.
[[0;32m  OK  [0m] Started containerd container runtime.
         Starting Docker Application Container Engine...
[[0;32m  OK  [0m] Started Wait until snapd is fully seeded.
         Starting Apply the settings specified in cloud-config...

Ubuntu 18.04.6 LTS ubuntu-bionic ttyS0

ubuntu-bionic login: [   23.662722] cloud-init[991]: Cloud-init v. 22.2-0ubuntu1~18.04.3 running 'modules:config' at Fri, 14 Oct 2022 14:37:28 +0000. Up 23.42 seconds.
[   25.725866] cloud-init[1283]: Cloud-init v. 22.2-0ubuntu1~18.04.3 running 'modules:final' at Fri, 14 Oct 2022 14:37:29 +0000. Up 25.11 seconds.
[   25.752364] cloud-init[1283]: Cloud-init v. 22.2-0ubuntu1~18.04.3 finished at Fri, 14 Oct 2022 14:37:30 +0000. Datasource DataSourceNoCloud [seed=/dev/sdb][dsmode=net].  Up 25.61 seconds
